c:\minecraftcpp\minecraftcpp\x64\debug\vc143.pdb
c:\minecraftcpp\minecraftcpp\x64\debug\vc143.idb
c:\minecraftcpp\minecraftcpp\x64\debug\glad.obj
c:\minecraftcpp\minecraftcpp\x64\debug\stb_image.obj
c:\minecraftcpp\minecraftcpp\x64\debug\main.obj
c:\minecraftcpp\minecraftcpp\x64\debug\shader.obj
c:\minecraftcpp\minecraftcpp\x64\debug\camera.obj
c:\minecraftcpp\minecraftcpp\x64\debug\block.obj
c:\minecraftcpp\minecraftcpp\x64\debug\chunk.obj
c:\minecraftcpp\minecraftcpp\x64\debug\perlin.obj
c:\minecraftcpp\minecraftcpp\x64\debug\texture.obj
c:\minecraftcpp\minecraftcpp\x64\debug\minecraftcpp.ilk
c:\minecraftcpp\minecraftcpp\x64\debug\minecraftcpp.exe
c:\minecraftcpp\minecraftcpp\x64\debug\minecraftcpp.pdb
c:\minecraftcpp\minecraftcpp\x64\debug\time.obj
c:\minecraftcpp\minecraftcpp\x64\debug\minecraftcpp.tlog\cl.command.1.tlog
c:\minecraftcpp\minecraftcpp\x64\debug\minecraftcpp.tlog\cl.items.tlog
c:\minecraftcpp\minecraftcpp\x64\debug\minecraftcpp.tlog\cl.read.1.tlog
c:\minecraftcpp\minecraftcpp\x64\debug\minecraftcpp.tlog\cl.write.1.tlog
c:\minecraftcpp\minecraftcpp\x64\debug\minecraftcpp.tlog\link.command.1.tlog
c:\minecraftcpp\minecraftcpp\x64\debug\minecraftcpp.tlog\link.read.1.tlog
c:\minecraftcpp\minecraftcpp\x64\debug\minecraftcpp.tlog\link.write.1.tlog
